<?xml version="1.0" encoding="UTF-8"?>
<testng-results ignored="0" total="2" passed="2" failed="0" skipped="0">
  <reporter-output>
    <line>
      <![CDATA[Hi i am from TC_LoginTest_001]]>
    </line>
    <line>
      <![CDATA[Hi i am from TC_AddCustomerTest_003]]>
    </line>
  </reporter-output>
  <suite started-at="2021-03-04T12:37:01 IST" name="eBanking" finished-at="2021-03-04T12:37:41 IST" duration-ms="39300">
    <groups>
    </groups>
    <test started-at="2021-03-04T12:37:01 IST" name="Test" finished-at="2021-03-04T12:37:41 IST" duration-ms="39300">
      <class name="com.eBanking.testcase.TC_LoginTest_001">
        <test-method is-config="true" signature="setup(java.lang.String)[pri:0, instance:com.eBanking.testcase.TC_LoginTest_001@6aaceffd]" started-at="2021-03-04T12:37:02 IST" name="setup" finished-at="2021-03-04T12:37:09 IST" duration-ms="7572" status="PASS">
          <params>
            <param index="0">
              <value>
                <![CDATA[chrome]]>
              </value>
            </param>
          </params>
          <reporter-output>
          </reporter-output>
        </test-method> <!-- setup -->
        <test-method signature="loginTest()[pri:0, instance:com.eBanking.testcase.TC_LoginTest_001@6aaceffd]" started-at="2021-03-04T12:37:09 IST" name="loginTest" finished-at="2021-03-04T12:37:13 IST" duration-ms="3132" status="PASS">
          <reporter-output>
            <line>
              <![CDATA[Hi i am from TC_LoginTest_001]]>
            </line>
          </reporter-output>
        </test-method> <!-- loginTest -->
        <test-method is-config="true" signature="afterTest()[pri:0, instance:com.eBanking.testcase.TC_LoginTest_001@6aaceffd]" started-at="2021-03-04T12:37:13 IST" name="afterTest" finished-at="2021-03-04T12:37:14 IST" duration-ms="1626" status="PASS">
          <reporter-output>
          </reporter-output>
        </test-method> <!-- afterTest -->
      </class> <!-- com.eBanking.testcase.TC_LoginTest_001 -->
      <class name="com.eBanking.testcase.TC_AddCustomerTest_003">
        <test-method is-config="true" signature="setup(java.lang.String)[pri:0, instance:com.eBanking.testcase.TC_AddCustomerTest_003@c86b9e3]" started-at="2021-03-04T12:37:14 IST" name="setup" finished-at="2021-03-04T12:37:20 IST" duration-ms="6174" status="PASS">
          <params>
            <param index="0">
              <value>
                <![CDATA[chrome]]>
              </value>
            </param>
          </params>
          <reporter-output>
          </reporter-output>
        </test-method> <!-- setup -->
        <test-method signature="addNewCustomer()[pri:0, instance:com.eBanking.testcase.TC_AddCustomerTest_003@c86b9e3]" started-at="2021-03-04T12:37:20 IST" name="addNewCustomer" finished-at="2021-03-04T12:37:40 IST" duration-ms="19307" status="PASS">
          <reporter-output>
            <line>
              <![CDATA[Hi i am from TC_AddCustomerTest_003]]>
            </line>
          </reporter-output>
        </test-method> <!-- addNewCustomer -->
        <test-method is-config="true" signature="afterTest()[pri:0, instance:com.eBanking.testcase.TC_AddCustomerTest_003@c86b9e3]" started-at="2021-03-04T12:37:40 IST" name="afterTest" finished-at="2021-03-04T12:37:41 IST" duration-ms="1113" status="PASS">
          <reporter-output>
          </reporter-output>
        </test-method> <!-- afterTest -->
      </class> <!-- com.eBanking.testcase.TC_AddCustomerTest_003 -->
    </test> <!-- Test -->
  </suite> <!-- eBanking -->
</testng-results>
