<?xml version="1.0" encoding="UTF-8"?>
<testsuite xmlns:xsi="http://www.w3.org/2001/XMLSchema-instance" xsi:noNamespaceSchemaLocation="https://maven.apache.org/surefire/maven-surefire-plugin/xsd/surefire-test-report.xsd" name="TestSuite" time="41.376" tests="2" errors="0" skipped="0" failures="0">
  <properties>
[...]
</properties>
  <testcase name="loginTest" classname="com.eBanking.testcase.TC_LoginTest_001" time="3.156"/>
  <testcase name="addNewCustomer" classname="com.eBanking.testcase.TC_AddCustomerTest_003" time="19.323"/>
</testsuite>