<?xml version="1.0" encoding="UTF-8"?>
<testng-results ignored="0" total="2" passed="2" failed="0" skipped="0">
  <reporter-output>
    <line>
      <![CDATA[Hi i am from TC_LoginTest_001]]>
    </line>
    <line>
      <![CDATA[Hi i am from TC_AddCustomerTest_003]]>
    </line>
  </reporter-output>
  <suite started-at="2021-03-03T22:42:38 IST" name="eBanking" finished-at="2021-03-03T22:43:15 IST" duration-ms="37368">
    <groups>
    </groups>
    <test started-at="2021-03-03T22:42:38 IST" name="Test" finished-at="2021-03-03T22:43:15 IST" duration-ms="37368">
      <class name="com.eBanking.testcase.TC_LoginTest_001">
        <test-method is-config="true" signature="setup(java.lang.String)[pri:0, instance:com.eBanking.testcase.TC_LoginTest_001@2177849e]" started-at="2021-03-03T22:42:38 IST" name="setup" finished-at="2021-03-03T22:42:46 IST" duration-ms="7437" status="PASS">
          <params>
            <param index="0">
              <value>
                <![CDATA[chrome]]>
              </value>
            </param>
          </params>
          <reporter-output>
          </reporter-output>
        </test-method> <!-- setup -->
        <test-method signature="loginTest()[pri:0, instance:com.eBanking.testcase.TC_LoginTest_001@2177849e]" started-at="2021-03-03T22:42:46 IST" name="loginTest" finished-at="2021-03-03T22:42:49 IST" duration-ms="3170" status="PASS">
          <reporter-output>
            <line>
              <![CDATA[Hi i am from TC_LoginTest_001]]>
            </line>
          </reporter-output>
        </test-method> <!-- loginTest -->
        <test-method is-config="true" signature="afterTest()[pri:0, instance:com.eBanking.testcase.TC_LoginTest_001@2177849e]" started-at="2021-03-03T22:42:49 IST" name="afterTest" finished-at="2021-03-03T22:42:50 IST" duration-ms="1116" status="PASS">
          <reporter-output>
          </reporter-output>
        </test-method> <!-- afterTest -->
      </class> <!-- com.eBanking.testcase.TC_LoginTest_001 -->
      <class name="com.eBanking.testcase.TC_AddCustomerTest_003">
        <test-method is-config="true" signature="setup(java.lang.String)[pri:0, instance:com.eBanking.testcase.TC_AddCustomerTest_003@40cb8df7]" started-at="2021-03-03T22:42:50 IST" name="setup" finished-at="2021-03-03T22:42:56 IST" duration-ms="6234" status="PASS">
          <params>
            <param index="0">
              <value>
                <![CDATA[chrome]]>
              </value>
            </param>
          </params>
          <reporter-output>
          </reporter-output>
        </test-method> <!-- setup -->
        <test-method signature="addNewCustomer()[pri:0, instance:com.eBanking.testcase.TC_AddCustomerTest_003@40cb8df7]" started-at="2021-03-03T22:42:56 IST" name="addNewCustomer" finished-at="2021-03-03T22:43:14 IST" duration-ms="17879" status="PASS">
          <reporter-output>
            <line>
              <![CDATA[Hi i am from TC_AddCustomerTest_003]]>
            </line>
          </reporter-output>
        </test-method> <!-- addNewCustomer -->
        <test-method is-config="true" signature="afterTest()[pri:0, instance:com.eBanking.testcase.TC_AddCustomerTest_003@40cb8df7]" started-at="2021-03-03T22:43:14 IST" name="afterTest" finished-at="2021-03-03T22:43:15 IST" duration-ms="1188" status="PASS">
          <reporter-output>
          </reporter-output>
        </test-method> <!-- afterTest -->
      </class> <!-- com.eBanking.testcase.TC_AddCustomerTest_003 -->
    </test> <!-- Test -->
  </suite> <!-- eBanking -->
</testng-results>
